<?xml version="1.0" encoding="UTF-8"?>
<!-- Generated by org.testng.reporters.JUnitReportReporter -->
<testsuite hostname="Saranyas-Air.fios-router.home" failures="0" tests="1" name="kayak.CheckHomePageTitle" time="7.501" errors="0" timestamp="2021-01-04T15:42:20 EST" skipped="0">
  <testcase classname="kayak.CheckHomePageTitle" name="checkTitle" time="7.501"/>
</testsuite> <!-- kayak.CheckHomePageTitle -->
