<?xml version="1.0" encoding="UTF-8"?>
<!-- Generated by org.testng.reporters.JUnitReportReporter -->
<testsuite hostname="Saranyas-Air.fios-router.home" failures="0" tests="1" name="kayak.AppTest" time="0.023" errors="0" timestamp="2020-12-29T10:56:32 EST" skipped="0">
  <testcase classname="kayak.AppTest" name="shouldAnswerWithTrue" time="0.023"/>
</testsuite> <!-- kayak.AppTest -->
