<?xml version="1.0" encoding="UTF-8"?>
<!-- Generated by org.testng.reporters.JUnitReportReporter -->
<testsuite hostname="Saranyas-Air.fios-router.home" failures="0" tests="1" name="testCases.SearchFlights" time="11.509" errors="0" timestamp="2021-01-15T15:46:12 EST" skipped="0">
  <testcase classname="testCases.SearchFlights" name="searchFlights" time="11.509"/>
  <system-out/>
</testsuite> <!-- testCases.SearchFlights -->
