<?xml version="1.0" encoding="UTF-8"?>
<!-- Generated by org.testng.reporters.JUnitReportReporter -->
<testsuite hostname="Saranyas-Air.fios-router.home" failures="0" tests="1" name="kayak.CheckHomePage" time="4.237" errors="0" timestamp="2020-12-27T12:29:32 EST" skipped="0">
  <testcase classname="kayak.CheckHomePage" name="checkTitle" time="4.237"/>
</testsuite> <!-- kayak.CheckHomePage -->
